<?xml version="1.0" encoding="UTF-8"?>
<!-- Generated by org.testng.reporters.JUnitReportReporter -->
<testsuite hostname="TestingWorld-PC" name="testing.A" tests="1" failures="0" timestamp="25 May 2019 08:18:10 GMT" time="0.034" errors="0">
  <testcase name="tcase1" time="0.034" classname="testing.A"/>
</testsuite> <!-- testing.A -->
