<?xml version="1.0" encoding="UTF-8"?>
<!-- Generated by org.testng.reporters.JUnitReportReporter -->
<testsuite hostname="TestingWorld-PC" name="testing.B" tests="1" failures="0" timestamp="25 May 2019 08:18:10 GMT" time="0.004" errors="0">
  <testcase name="tcase2" time="0.004" classname="testing.B"/>
</testsuite> <!-- testing.B -->
